<?xml version="1.0" encoding="UTF-8"?>
<!-- Generated by org.testng.reporters.JUnitReportReporter -->
<testsuite name="Selenium.Project01.TestIETest" tests="1" time="15.613" ignored="0" failures="0" timestamp="22 Jul 2017 08:56:21 GMT" skipped="0" hostname="HAA133XHYC" errors="0">
  <testcase name="f" time="15.613" classname="Selenium.Project01.TestIETest"/>
</testsuite> <!-- Selenium.Project01.TestIETest -->
